<?xml version="1.0" encoding="UTF-8"?>
<!-- Generated by org.testng.reporters.JUnitReportReporter -->
<testsuite hostname="MSI" failures="0" tests="1" name="TestExcution.crossword" time="40.310" errors="0" timestamp="2023-02-19T17:40:08 IST" skipped="0">
  <testcase classname="TestExcution.crossword" name="Crossword" time="40.310"/>
  <system-out/>
</testsuite> <!-- TestExcution.crossword -->
